0 info it worked if it ends with ok
1 verbose cli [ '/home/ptsteadman/.nvm/versions/node/v6.10.3/bin/node',
1 verbose cli   '/home/ptsteadman/.nvm/versions/node/v6.10.3/bin/npm',
1 verbose cli   'install',
1 verbose cli   '--save',
1 verbose cli   'review' ]
2 info using npm@3.10.10
3 info using node@v6.10.3
4 silly loadCurrentTree Starting
5 silly install loadCurrentTree
6 silly install readLocalPackageData
7 silly fetchPackageMetaData review
8 silly fetchNamedPackageData review
9 silly mapToRegistry name review
10 silly mapToRegistry using default registry
11 silly mapToRegistry registry https://registry.npmjs.org/
12 silly mapToRegistry data Result {
12 silly mapToRegistry   raw: 'review',
12 silly mapToRegistry   scope: null,
12 silly mapToRegistry   escapedName: 'review',
12 silly mapToRegistry   name: 'review',
12 silly mapToRegistry   rawSpec: '',
12 silly mapToRegistry   spec: 'latest',
12 silly mapToRegistry   type: 'tag' }
13 silly mapToRegistry uri https://registry.npmjs.org/review
14 verbose request uri https://registry.npmjs.org/review
15 verbose request no auth needed
16 info attempt registry request try #1 at 5:19:13 PM
17 verbose request id d709872242c5e316
18 http request GET https://registry.npmjs.org/review
19 http 200 https://registry.npmjs.org/review
20 verbose headers { server: 'nginx/1.10.1',
20 verbose headers   'content-type': 'application/json',
20 verbose headers   'last-modified': 'Wed, 17 Sep 2014 08:53:09 GMT',
20 verbose headers   etag: 'W/"54194bf5-5935"',
20 verbose headers   'content-encoding': 'gzip',
20 verbose headers   'cache-control': 'max-age=300',
20 verbose headers   'content-length': '4672',
20 verbose headers   'accept-ranges': 'bytes',
20 verbose headers   date: 'Wed, 11 Oct 2017 21:19:13 GMT',
20 verbose headers   via: '1.1 varnish',
20 verbose headers   age: '0',
20 verbose headers   connection: 'keep-alive',
20 verbose headers   'x-served-by': 'cache-jfk8147-JFK',
20 verbose headers   'x-cache': 'MISS',
20 verbose headers   'x-cache-hits': '0',
20 verbose headers   'x-timer': 'S1507756754.607272,VS0,VE30',
20 verbose headers   vary: 'Accept-Encoding, Accept' }
21 silly get cb [ 200,
21 silly get   { server: 'nginx/1.10.1',
21 silly get     'content-type': 'application/json',
21 silly get     'last-modified': 'Wed, 17 Sep 2014 08:53:09 GMT',
21 silly get     etag: 'W/"54194bf5-5935"',
21 silly get     'content-encoding': 'gzip',
21 silly get     'cache-control': 'max-age=300',
21 silly get     'content-length': '4672',
21 silly get     'accept-ranges': 'bytes',
21 silly get     date: 'Wed, 11 Oct 2017 21:19:13 GMT',
21 silly get     via: '1.1 varnish',
21 silly get     age: '0',
21 silly get     connection: 'keep-alive',
21 silly get     'x-served-by': 'cache-jfk8147-JFK',
21 silly get     'x-cache': 'MISS',
21 silly get     'x-cache-hits': '0',
21 silly get     'x-timer': 'S1507756754.607272,VS0,VE30',
21 silly get     vary: 'Accept-Encoding, Accept' } ]
22 verbose get saving review to /home/ptsteadman/.npm/registry.npmjs.org/review/.cache.json
23 verbose correctMkdir /home/ptsteadman/.npm correctMkdir not in flight; initializing
24 silly install normalizeTree
25 silly loadCurrentTree Finishing
26 silly loadIdealTree Starting
27 silly install loadIdealTree
28 silly cloneCurrentTree Starting
29 silly install cloneCurrentTreeToIdealTree
30 silly cloneCurrentTree Finishing
31 silly loadShrinkwrap Starting
32 silly install loadShrinkwrap
33 silly loadShrinkwrap Finishing
34 silly loadAllDepsIntoIdealTree Starting
35 silly install loadAllDepsIntoIdealTree
36 silly rollbackFailedOptional Starting
37 silly rollbackFailedOptional Finishing
38 silly runTopLevelLifecycles Finishing
39 silly install printInstalled
40 verbose stack Error: Refusing to install review as a dependency of itself
40 verbose stack     at checkSelf (/home/ptsteadman/.nvm/versions/node/v6.10.3/lib/node_modules/npm/lib/install/validate-args.js:53:14)
40 verbose stack     at Array.<anonymous> (/home/ptsteadman/.nvm/versions/node/v6.10.3/lib/node_modules/npm/node_modules/slide/lib/bind-actor.js:15:8)
40 verbose stack     at LOOP (/home/ptsteadman/.nvm/versions/node/v6.10.3/lib/node_modules/npm/node_modules/slide/lib/chain.js:15:14)
40 verbose stack     at chain (/home/ptsteadman/.nvm/versions/node/v6.10.3/lib/node_modules/npm/node_modules/slide/lib/chain.js:20:5)
40 verbose stack     at /home/ptsteadman/.nvm/versions/node/v6.10.3/lib/node_modules/npm/lib/install/validate-args.js:16:5
40 verbose stack     at /home/ptsteadman/.nvm/versions/node/v6.10.3/lib/node_modules/npm/node_modules/slide/lib/async-map.js:52:35
40 verbose stack     at Array.forEach (native)
40 verbose stack     at /home/ptsteadman/.nvm/versions/node/v6.10.3/lib/node_modules/npm/node_modules/slide/lib/async-map.js:52:11
40 verbose stack     at Array.forEach (native)
40 verbose stack     at asyncMap (/home/ptsteadman/.nvm/versions/node/v6.10.3/lib/node_modules/npm/node_modules/slide/lib/async-map.js:51:8)
41 verbose cwd /home/ptsteadman/projects/review
42 error Linux 4.10.0-33-generic
43 error argv "/home/ptsteadman/.nvm/versions/node/v6.10.3/bin/node" "/home/ptsteadman/.nvm/versions/node/v6.10.3/bin/npm" "install" "--save" "review"
44 error node v6.10.3
45 error npm  v3.10.10
46 error code ENOSELF
47 error Refusing to install review as a dependency of itself
48 error If you need help, you may report this error at:
48 error     <https://github.com/npm/npm/issues>
49 verbose exit [ 1, true ]
